<?xml version="1.0" encoding="UTF-8" standalone="no"?>
<testsuite failures="0" name="cucumber.runtime.formatter.JUnitFormatter" skipped="0" tests="1" time="0.130969">
    <testcase classname="verify CIMB Malaysia Deals" name="Verify Travel &amp; Fun Deals" time="0.130969">
        <system-out>
            <![CDATA[Given I’m on CIMB MY page...................................................passed
When I select CIMB Deals....................................................passed
And I would like to explore more for Rentalcars.com under Travel & Fun......passed
Then I will be able to see its details and other similar deals..............passed
]]>
        </system-out>
    </testcase>
</testsuite>
